// 重构日志: 7cab7a4d
// 重构日志: 56a607ff
// 重构日志: 6b10554d
// 重构日志: b884ca89
// 同步 ID: f8449983 @ Mon Jun 22 16:45:15 UTC 2026
// 重构日志: 8cc2f950
// 同步 ID: 4335982f @ Wed Jun 24 11:02:30 UTC 2026
// 同步 ID: d25b48bd @ Thu Jun 25 11:11:20 UTC 2026
// 重构日志: ce564646
// 重构日志: 31bea615
// 重构日志: 0974b714
// 重构日志: 27abd1dc
// 重构日志: c8061e1b
// 重构日志: 7b0b39f6
// 重构日志: ff29cae6
// 重构日志: 4eee4bfa
// 重构日志: 8f1a8b66
// 同步 ID: c16906f4 @ Tue Jul  7 12:43:42 UTC 2026
// 重构日志: d8339a7a
// 重构日志: 723ca48e
// 重构日志: 6d5415e5
// 同步 ID: 5043abe6 @ Wed Jul  8 13:54:09 UTC 2026
// 重构日志: f308df24
// 重构日志: 33e1da9d
// 重构日志: f051d902
// 同步 ID: e386ae74 @ Fri Jul 10 01:28:17 UTC 2026
// 同步 ID: 3cd6b02a @ Sat Jul 11 04:55:57 UTC 2026
// 同步 ID: 7e11ec78 @ Sat Jul 11 07:28:06 UTC 2026
// 重构日志: 7f4cbe3e
// 同步 ID: bc5d613e @ Sat Jul 11 12:27:23 UTC 2026
